<?xml version="1.0" encoding="UTF-8"?>
<!-- Generated by org.testng.reporters.JUnitReportReporter -->
<testsuite hostname="Denizs-MBP-2.fios-router.home" failures="0" tests="3" name="scripts.CarsTest" time="25.271" errors="0" timestamp="2022-06-07T14:12:35 EDT" skipped="0">
  <testcase classname="scripts.CarsTest" name="validateSignInPageForm" time="7.399"/>
  <system-out/>
  <testcase classname="scripts.CarsTest" name="validateNotToSignIn" time="9.016"/>
  <system-out/>
  <testcase classname="scripts.CarsTest" name="validateSignInPageSocialMediaSection" time="8.856"/>
  <system-out/>
</testsuite> <!-- scripts.CarsTest -->
